<?xml version="1.0" encoding="UTF-8" ?>
<testsuite tests="5" failures="0" name="com.americanbanksystems.wiki.dao.ArticleDaoTestCase" time="2.07" errors="3" skipped="0">
  <properties>
[...]
</properties>
  <testcase classname="com.americanbanksystems.wiki.dao.ArticleDaoTestCase" name="testList" time="1.735">
    <error message="could not initialize proxy - no Session" type="org.hibernate.LazyInitializationException">org.hibernate.LazyInitializationException: could not initialize proxy - no Session
	at org.hibernate.proxy.AbstractLazyInitializer.initialize(AbstractLazyInitializer.java:167)
	at org.hibernate.proxy.AbstractLazyInitializer.getImplementation(AbstractLazyInitializer.java:215)
	at org.hibernate.proxy.pojo.javassist.JavassistLazyInitializer.invoke(JavassistLazyInitializer.java:190)
	at com.americanbanksystems.wiki.domain.User_$$_javassist_4.equals(User_$$_javassist_4.java)
	at com.americanbanksystems.wiki.domain.Article.equals(Article.java:152)
	at java.util.Arrays$ArrayList.indexOf(Arrays.java:3860)
	at java.util.Arrays$ArrayList.contains(Arrays.java:3868)
	at com.americanbanksystems.wiki.dao.ArticleDaoTestCase.testList(ArticleDaoTestCase.java:99)
	at sun.reflect.NativeMethodAccessorImpl.invoke0(Native Method)
	at sun.reflect.NativeMethodAccessorImpl.invoke(NativeMethodAccessorImpl.java:62)
	at sun.reflect.DelegatingMethodAccessorImpl.invoke(DelegatingMethodAccessorImpl.java:43)
	at java.lang.reflect.Method.invoke(Method.java:483)
	at org.junit.runners.model.FrameworkMethod$1.runReflectiveCall(FrameworkMethod.java:45)
	at org.junit.internal.runners.model.ReflectiveCallable.run(ReflectiveCallable.java:15)
	at org.junit.runners.model.FrameworkMethod.invokeExplosively(FrameworkMethod.java:42)
	at org.junit.internal.runners.statements.InvokeMethod.evaluate(InvokeMethod.java:20)
	at org.junit.internal.runners.statements.RunBefores.evaluate(RunBefores.java:28)
	at org.springframework.test.context.junit4.statements.RunBeforeTestMethodCallbacks.evaluate(RunBeforeTestMethodCallbacks.java:74)
	at org.springframework.test.context.junit4.statements.RunAfterTestMethodCallbacks.evaluate(RunAfterTestMethodCallbacks.java:83)
	at org.springframework.test.context.junit4.statements.SpringRepeat.evaluate(SpringRepeat.java:72)
	at org.springframework.test.context.junit4.SpringJUnit4ClassRunner.runChild(SpringJUnit4ClassRunner.java:231)
	at org.junit.runners.BlockJUnit4ClassRunner.runChild(BlockJUnit4ClassRunner.java:47)
	at org.junit.runners.ParentRunner$3.run(ParentRunner.java:231)
	at org.junit.runners.ParentRunner$1.schedule(ParentRunner.java:60)
	at org.junit.runners.ParentRunner.runChildren(ParentRunner.java:229)
	at org.junit.runners.ParentRunner.access$000(ParentRunner.java:50)
	at org.junit.runners.ParentRunner$2.evaluate(ParentRunner.java:222)
	at org.springframework.test.context.junit4.statements.RunBeforeTestClassCallbacks.evaluate(RunBeforeTestClassCallbacks.java:61)
	at org.springframework.test.context.junit4.statements.RunAfterTestClassCallbacks.evaluate(RunAfterTestClassCallbacks.java:71)
	at org.junit.runners.ParentRunner.run(ParentRunner.java:300)
	at org.springframework.test.context.junit4.SpringJUnit4ClassRunner.run(SpringJUnit4ClassRunner.java:174)
	at org.apache.maven.surefire.junit4.JUnit4Provider.execute(JUnit4Provider.java:252)
	at org.apache.maven.surefire.junit4.JUnit4Provider.executeTestSet(JUnit4Provider.java:141)
	at org.apache.maven.surefire.junit4.JUnit4Provider.invoke(JUnit4Provider.java:112)
	at sun.reflect.NativeMethodAccessorImpl.invoke0(Native Method)
	at sun.reflect.NativeMethodAccessorImpl.invoke(NativeMethodAccessorImpl.java:62)
	at sun.reflect.DelegatingMethodAccessorImpl.invoke(DelegatingMethodAccessorImpl.java:43)
	at java.lang.reflect.Method.invoke(Method.java:483)
	at org.apache.maven.surefire.util.ReflectionUtils.invokeMethodWithArray(ReflectionUtils.java:189)
	at org.apache.maven.surefire.booter.ProviderFactory$ProviderProxy.invoke(ProviderFactory.java:165)
	at org.apache.maven.surefire.booter.ProviderFactory.invokeProvider(ProviderFactory.java:85)
	at org.apache.maven.surefire.booter.ForkedBooter.runSuitesInProcess(ForkedBooter.java:115)
	at org.apache.maven.surefire.booter.ForkedBooter.main(ForkedBooter.java:75)
</error>
    <system-out>Hibernate: insert into user_roles (ROLE) values (?)
Hibernate: insert into user (CREATED_TIME, MODIFIED_TIME, EMAIL, FIRST_NAME, LAST_NAME, PASSWORD, USER_ROLE_ID, USERNAME) values (?, ?, ?, ?, ?, ?, ?, ?)
Hibernate: select this_.ARTICLE_ID as ARTICLE1_3_0_, this_.CREATED_TIME as CREATED2_3_0_, this_.MODIFIED_TIME as MODIFIED3_3_0_, this_.CREATED_BY_USER_ID as CREATED8_3_0_, this_.description as descript4_3_0_, this_.MODIFIED_BY_USER_ID as MODIFIED5_3_0_, this_.PRODUCT_ID as PRODUCT9_3_0_, this_.tag as tag3_0_, this_.title as title3_0_ from article this_
Hibernate: insert into article (CREATED_TIME, MODIFIED_TIME, CREATED_BY_USER_ID, description, MODIFIED_BY_USER_ID, PRODUCT_ID, tag, title) values (?, ?, ?, ?, ?, ?, ?, ?)
Hibernate: insert into article (CREATED_TIME, MODIFIED_TIME, CREATED_BY_USER_ID, description, MODIFIED_BY_USER_ID, PRODUCT_ID, tag, title) values (?, ?, ?, ?, ?, ?, ?, ?)
Hibernate: insert into article (CREATED_TIME, MODIFIED_TIME, CREATED_BY_USER_ID, description, MODIFIED_BY_USER_ID, PRODUCT_ID, tag, title) values (?, ?, ?, ?, ?, ?, ?, ?)
Hibernate: select this_.ARTICLE_ID as ARTICLE1_3_0_, this_.CREATED_TIME as CREATED2_3_0_, this_.MODIFIED_TIME as MODIFIED3_3_0_, this_.CREATED_BY_USER_ID as CREATED8_3_0_, this_.description as descript4_3_0_, this_.MODIFIED_BY_USER_ID as MODIFIED5_3_0_, this_.PRODUCT_ID as PRODUCT9_3_0_, this_.tag as tag3_0_, this_.title as title3_0_ from article this_
</system-out>
    <system-err>Oct 28, 2014 9:36:34 PM org.springframework.beans.factory.xml.XmlBeanDefinitionReader loadBeanDefinitions
INFO: Loading XML bean definitions from class path resource [persistence-beans.xml]
Oct 28, 2014 9:36:35 PM org.springframework.beans.factory.xml.XmlBeanDefinitionReader loadBeanDefinitions
INFO: Loading XML bean definitions from class path resource [persistence-beans.xml]
Oct 28, 2014 9:36:35 PM org.springframework.beans.factory.support.DefaultListableBeanFactory registerBeanDefinition
INFO: Overriding bean definition for bean &apos;dataSource&apos;: replacing [Generic bean: class [org.springframework.jdbc.datasource.DriverManagerDataSource]; scope=; abstract=false; lazyInit=false; autowireMode=0; dependencyCheck=0; autowireCandidate=true; primary=false; factoryBeanName=null; factoryMethodName=null; initMethodName=null; destroyMethodName=null; defined in class path resource [persistence-beans.xml]] with [Generic bean: class [org.springframework.jdbc.datasource.DriverManagerDataSource]; scope=; abstract=false; lazyInit=false; autowireMode=0; dependencyCheck=0; autowireCandidate=true; primary=false; factoryBeanName=null; factoryMethodName=null; initMethodName=null; destroyMethodName=null; defined in class path resource [persistence-beans.xml]]
Oct 28, 2014 9:36:35 PM org.springframework.beans.factory.support.DefaultListableBeanFactory registerBeanDefinition
INFO: Overriding bean definition for bean &apos;sessionFactory&apos;: replacing [Generic bean: class [org.springframework.orm.hibernate3.annotation.AnnotationSessionFactoryBean]; scope=; abstract=false; lazyInit=false; autowireMode=0; dependencyCheck=0; autowireCandidate=true; primary=false; factoryBeanName=null; factoryMethodName=null; initMethodName=null; destroyMethodName=null; defined in class path resource [persistence-beans.xml]] with [Generic bean: class [org.springframework.orm.hibernate3.annotation.AnnotationSessionFactoryBean]; scope=; abstract=false; lazyInit=false; autowireMode=0; dependencyCheck=0; autowireCandidate=true; primary=false; factoryBeanName=null; factoryMethodName=null; initMethodName=null; destroyMethodName=null; defined in class path resource [persistence-beans.xml]]
Oct 28, 2014 9:36:35 PM org.springframework.beans.factory.support.DefaultListableBeanFactory registerBeanDefinition
INFO: Overriding bean definition for bean &apos;transactionManager&apos;: replacing [Generic bean: class [org.springframework.orm.hibernate3.HibernateTransactionManager]; scope=; abstract=false; lazyInit=false; autowireMode=0; dependencyCheck=0; autowireCandidate=true; primary=false; factoryBeanName=null; factoryMethodName=null; initMethodName=null; destroyMethodName=null; defined in class path resource [persistence-beans.xml]] with [Generic bean: class [org.springframework.orm.hibernate3.HibernateTransactionManager]; scope=; abstract=false; lazyInit=false; autowireMode=0; dependencyCheck=0; autowireCandidate=true; primary=false; factoryBeanName=null; factoryMethodName=null; initMethodName=null; destroyMethodName=null; defined in class path resource [persistence-beans.xml]]
Oct 28, 2014 9:36:35 PM org.springframework.beans.factory.support.DefaultListableBeanFactory registerBeanDefinition
INFO: Overriding bean definition for bean &apos;jdbcTemplate&apos;: replacing [Generic bean: class [org.springframework.jdbc.core.simple.SimpleJdbcTemplate]; scope=; abstract=false; lazyInit=false; autowireMode=0; dependencyCheck=0; autowireCandidate=true; primary=false; factoryBeanName=null; factoryMethodName=null; initMethodName=null; destroyMethodName=null; defined in class path resource [persistence-beans.xml]] with [Generic bean: class [org.springframework.jdbc.core.simple.SimpleJdbcTemplate]; scope=; abstract=false; lazyInit=false; autowireMode=0; dependencyCheck=0; autowireCandidate=true; primary=false; factoryBeanName=null; factoryMethodName=null; initMethodName=null; destroyMethodName=null; defined in class path resource [persistence-beans.xml]]
Oct 28, 2014 9:36:35 PM org.springframework.context.support.AbstractApplicationContext prepareRefresh
INFO: Refreshing org.springframework.context.support.GenericApplicationContext@18ceff1: startup date [Tue Oct 28 21:36:35 CDT 2014]; root of context hierarchy
Oct 28, 2014 9:36:35 PM org.springframework.beans.factory.support.DefaultListableBeanFactory preInstantiateSingletons
INFO: Pre-instantiating singletons in org.springframework.beans.factory.support.DefaultListableBeanFactory@103f852: defining beans [org.springframework.context.annotation.internalConfigurationAnnotationProcessor,org.springframework.context.annotation.internalAutowiredAnnotationProcessor,org.springframework.context.annotation.internalRequiredAnnotationProcessor,org.springframework.context.annotation.internalCommonAnnotationProcessor,org.springframework.context.annotation.internalPersistenceAnnotationProcessor,articleDao,attachmentDao,productDao,userDao,userRoleDao,org.springframework.aop.config.internalAutoProxyCreator,org.springframework.transaction.annotation.AnnotationTransactionAttributeSource#0,org.springframework.transaction.interceptor.TransactionInterceptor#0,org.springframework.transaction.config.internalTransactionAdvisor,dataSource,sessionFactory,transactionManager,jdbcTemplate,org.springframework.context.annotation.ConfigurationClassPostProcessor$ImportAwareBeanPostProcessor#0]; root of factory hierarchy
Oct 28, 2014 9:36:35 PM org.springframework.jdbc.datasource.DriverManagerDataSource setDriverClassName
INFO: Loaded JDBC driver: com.mysql.jdbc.jdbc2.optional.MysqlDataSource
SLF4J: Failed to load class &quot;org.slf4j.impl.StaticLoggerBinder&quot;.
SLF4J: Defaulting to no-operation (NOP) logger implementation
SLF4J: See http://www.slf4j.org/codes.html#StaticLoggerBinder for further details.
Oct 28, 2014 9:36:35 PM org.springframework.orm.hibernate3.LocalSessionFactoryBean buildSessionFactory
INFO: Building new Hibernate SessionFactory
Oct 28, 2014 9:36:36 PM org.springframework.orm.hibernate3.HibernateTransactionManager afterPropertiesSet
INFO: Using DataSource [org.springframework.jdbc.datasource.DriverManagerDataSource@826f61] of Hibernate SessionFactory for HibernateTransactionManager
Oct 28, 2014 9:36:36 PM org.springframework.test.jdbc.SimpleJdbcTestUtils executeSqlScript
INFO: Executing SQL script from file [C:\Users\Boris\Documents\workspace-sts_x86\wikiABS\src\main\resources\sql\cleanup.sql]
Oct 28, 2014 9:36:36 PM org.springframework.test.jdbc.SimpleJdbcTestUtils executeSqlScript
INFO: Done executing SQL scriptBuilder from file [C:\Users\Boris\Documents\workspace-sts_x86\wikiABS\src\main\resources\sql\cleanup.sql] in 38 ms.
</system-err>
  </testcase>
  <testcase classname="com.americanbanksystems.wiki.dao.ArticleDaoTestCase" name="testAdd" time="0.055"/>
  <testcase classname="com.americanbanksystems.wiki.dao.ArticleDaoTestCase" name="testFind" time="0.161">
    <error message="could not initialize proxy - no Session" type="org.hibernate.LazyInitializationException">org.hibernate.LazyInitializationException: could not initialize proxy - no Session
	at org.hibernate.proxy.AbstractLazyInitializer.initialize(AbstractLazyInitializer.java:167)
	at org.hibernate.proxy.AbstractLazyInitializer.getImplementation(AbstractLazyInitializer.java:215)
	at org.hibernate.proxy.pojo.javassist.JavassistLazyInitializer.invoke(JavassistLazyInitializer.java:190)
	at com.americanbanksystems.wiki.domain.User_$$_javassist_4.equals(User_$$_javassist_4.java)
	at com.americanbanksystems.wiki.domain.Article.equals(Article.java:152)
	at org.junit.Assert.isEquals(Assert.java:132)
	at org.junit.Assert.assertEquals(Assert.java:121)
	at org.junit.Assert.assertEquals(Assert.java:147)
	at com.americanbanksystems.wiki.dao.ArticleDaoTestCase.testFind(ArticleDaoTestCase.java:81)
	at sun.reflect.NativeMethodAccessorImpl.invoke0(Native Method)
	at sun.reflect.NativeMethodAccessorImpl.invoke(NativeMethodAccessorImpl.java:62)
	at sun.reflect.DelegatingMethodAccessorImpl.invoke(DelegatingMethodAccessorImpl.java:43)
	at java.lang.reflect.Method.invoke(Method.java:483)
	at org.junit.runners.model.FrameworkMethod$1.runReflectiveCall(FrameworkMethod.java:45)
	at org.junit.internal.runners.model.ReflectiveCallable.run(ReflectiveCallable.java:15)
	at org.junit.runners.model.FrameworkMethod.invokeExplosively(FrameworkMethod.java:42)
	at org.junit.internal.runners.statements.InvokeMethod.evaluate(InvokeMethod.java:20)
	at org.junit.internal.runners.statements.RunBefores.evaluate(RunBefores.java:28)
	at org.springframework.test.context.junit4.statements.RunBeforeTestMethodCallbacks.evaluate(RunBeforeTestMethodCallbacks.java:74)
	at org.springframework.test.context.junit4.statements.RunAfterTestMethodCallbacks.evaluate(RunAfterTestMethodCallbacks.java:83)
	at org.springframework.test.context.junit4.statements.SpringRepeat.evaluate(SpringRepeat.java:72)
	at org.springframework.test.context.junit4.SpringJUnit4ClassRunner.runChild(SpringJUnit4ClassRunner.java:231)
	at org.junit.runners.BlockJUnit4ClassRunner.runChild(BlockJUnit4ClassRunner.java:47)
	at org.junit.runners.ParentRunner$3.run(ParentRunner.java:231)
	at org.junit.runners.ParentRunner$1.schedule(ParentRunner.java:60)
	at org.junit.runners.ParentRunner.runChildren(ParentRunner.java:229)
	at org.junit.runners.ParentRunner.access$000(ParentRunner.java:50)
	at org.junit.runners.ParentRunner$2.evaluate(ParentRunner.java:222)
	at org.springframework.test.context.junit4.statements.RunBeforeTestClassCallbacks.evaluate(RunBeforeTestClassCallbacks.java:61)
	at org.springframework.test.context.junit4.statements.RunAfterTestClassCallbacks.evaluate(RunAfterTestClassCallbacks.java:71)
	at org.junit.runners.ParentRunner.run(ParentRunner.java:300)
	at org.springframework.test.context.junit4.SpringJUnit4ClassRunner.run(SpringJUnit4ClassRunner.java:174)
	at org.apache.maven.surefire.junit4.JUnit4Provider.execute(JUnit4Provider.java:252)
	at org.apache.maven.surefire.junit4.JUnit4Provider.executeTestSet(JUnit4Provider.java:141)
	at org.apache.maven.surefire.junit4.JUnit4Provider.invoke(JUnit4Provider.java:112)
	at sun.reflect.NativeMethodAccessorImpl.invoke0(Native Method)
	at sun.reflect.NativeMethodAccessorImpl.invoke(NativeMethodAccessorImpl.java:62)
	at sun.reflect.DelegatingMethodAccessorImpl.invoke(DelegatingMethodAccessorImpl.java:43)
	at java.lang.reflect.Method.invoke(Method.java:483)
	at org.apache.maven.surefire.util.ReflectionUtils.invokeMethodWithArray(ReflectionUtils.java:189)
	at org.apache.maven.surefire.booter.ProviderFactory$ProviderProxy.invoke(ProviderFactory.java:165)
	at org.apache.maven.surefire.booter.ProviderFactory.invokeProvider(ProviderFactory.java:85)
	at org.apache.maven.surefire.booter.ForkedBooter.runSuitesInProcess(ForkedBooter.java:115)
	at org.apache.maven.surefire.booter.ForkedBooter.main(ForkedBooter.java:75)
</error>
    <system-out>Hibernate: insert into user_roles (ROLE) values (?)
Hibernate: insert into user (CREATED_TIME, MODIFIED_TIME, EMAIL, FIRST_NAME, LAST_NAME, PASSWORD, USER_ROLE_ID, USERNAME) values (?, ?, ?, ?, ?, ?, ?, ?)
Hibernate: insert into article (CREATED_TIME, MODIFIED_TIME, CREATED_BY_USER_ID, description, MODIFIED_BY_USER_ID, PRODUCT_ID, tag, title) values (?, ?, ?, ?, ?, ?, ?, ?)
Hibernate: select article0_.ARTICLE_ID as ARTICLE1_3_, article0_.CREATED_TIME as CREATED2_3_, article0_.MODIFIED_TIME as MODIFIED3_3_, article0_.CREATED_BY_USER_ID as CREATED8_3_, article0_.description as descript4_3_, article0_.MODIFIED_BY_USER_ID as MODIFIED5_3_, article0_.PRODUCT_ID as PRODUCT9_3_, article0_.tag as tag3_, article0_.title as title3_ from article article0_ where article0_.ARTICLE_ID=?
Hibernate: select article0_.ARTICLE_ID as ARTICLE1_3_, article0_.CREATED_TIME as CREATED2_3_, article0_.MODIFIED_TIME as MODIFIED3_3_, article0_.CREATED_BY_USER_ID as CREATED8_3_, article0_.description as descript4_3_, article0_.MODIFIED_BY_USER_ID as MODIFIED5_3_, article0_.PRODUCT_ID as PRODUCT9_3_, article0_.tag as tag3_, article0_.title as title3_ from article article0_ where article0_.ARTICLE_ID=?
</system-out>
    <system-err>Oct 28, 2014 9:36:36 PM org.springframework.test.jdbc.SimpleJdbcTestUtils executeSqlScript
INFO: Executing SQL script from file [C:\Users\Boris\Documents\workspace-sts_x86\wikiABS\src\main\resources\sql\cleanup.sql]
Oct 28, 2014 9:36:36 PM org.springframework.test.jdbc.SimpleJdbcTestUtils executeSqlScript
INFO: Done executing SQL scriptBuilder from file [C:\Users\Boris\Documents\workspace-sts_x86\wikiABS\src\main\resources\sql\cleanup.sql] in 24 ms.
</system-err>
  </testcase>
  <testcase classname="com.americanbanksystems.wiki.dao.ArticleDaoTestCase" name="testRemove" time="0.059">
    <error message="could not initialize proxy - no Session" type="org.hibernate.LazyInitializationException">org.hibernate.LazyInitializationException: could not initialize proxy - no Session
	at org.hibernate.proxy.AbstractLazyInitializer.initialize(AbstractLazyInitializer.java:167)
	at org.hibernate.proxy.AbstractLazyInitializer.getImplementation(AbstractLazyInitializer.java:215)
	at org.hibernate.proxy.pojo.javassist.JavassistLazyInitializer.invoke(JavassistLazyInitializer.java:190)
	at com.americanbanksystems.wiki.domain.User_$$_javassist_4.toString(User_$$_javassist_4.java)
	at java.lang.String.valueOf(String.java:2981)
	at java.lang.StringBuilder.append(StringBuilder.java:131)
	at com.americanbanksystems.wiki.domain.Article.toString(Article.java:186)
	at java.lang.String.valueOf(String.java:2981)
	at org.junit.Assert.format(Assert.java:655)
	at org.junit.Assert.failNotEquals(Assert.java:647)
	at org.junit.Assert.assertEquals(Assert.java:128)
	at org.junit.Assert.assertEquals(Assert.java:147)
	at com.americanbanksystems.wiki.dao.ArticleDaoTestCase.testRemove(ArticleDaoTestCase.java:109)
	at sun.reflect.NativeMethodAccessorImpl.invoke0(Native Method)
	at sun.reflect.NativeMethodAccessorImpl.invoke(NativeMethodAccessorImpl.java:62)
	at sun.reflect.DelegatingMethodAccessorImpl.invoke(DelegatingMethodAccessorImpl.java:43)
	at java.lang.reflect.Method.invoke(Method.java:483)
	at org.junit.runners.model.FrameworkMethod$1.runReflectiveCall(FrameworkMethod.java:45)
	at org.junit.internal.runners.model.ReflectiveCallable.run(ReflectiveCallable.java:15)
	at org.junit.runners.model.FrameworkMethod.invokeExplosively(FrameworkMethod.java:42)
	at org.junit.internal.runners.statements.InvokeMethod.evaluate(InvokeMethod.java:20)
	at org.junit.internal.runners.statements.RunBefores.evaluate(RunBefores.java:28)
	at org.springframework.test.context.junit4.statements.RunBeforeTestMethodCallbacks.evaluate(RunBeforeTestMethodCallbacks.java:74)
	at org.springframework.test.context.junit4.statements.RunAfterTestMethodCallbacks.evaluate(RunAfterTestMethodCallbacks.java:83)
	at org.springframework.test.context.junit4.statements.SpringRepeat.evaluate(SpringRepeat.java:72)
	at org.springframework.test.context.junit4.SpringJUnit4ClassRunner.runChild(SpringJUnit4ClassRunner.java:231)
	at org.junit.runners.BlockJUnit4ClassRunner.runChild(BlockJUnit4ClassRunner.java:47)
	at org.junit.runners.ParentRunner$3.run(ParentRunner.java:231)
	at org.junit.runners.ParentRunner$1.schedule(ParentRunner.java:60)
	at org.junit.runners.ParentRunner.runChildren(ParentRunner.java:229)
	at org.junit.runners.ParentRunner.access$000(ParentRunner.java:50)
	at org.junit.runners.ParentRunner$2.evaluate(ParentRunner.java:222)
	at org.springframework.test.context.junit4.statements.RunBeforeTestClassCallbacks.evaluate(RunBeforeTestClassCallbacks.java:61)
	at org.springframework.test.context.junit4.statements.RunAfterTestClassCallbacks.evaluate(RunAfterTestClassCallbacks.java:71)
	at org.junit.runners.ParentRunner.run(ParentRunner.java:300)
	at org.springframework.test.context.junit4.SpringJUnit4ClassRunner.run(SpringJUnit4ClassRunner.java:174)
	at org.apache.maven.surefire.junit4.JUnit4Provider.execute(JUnit4Provider.java:252)
	at org.apache.maven.surefire.junit4.JUnit4Provider.executeTestSet(JUnit4Provider.java:141)
	at org.apache.maven.surefire.junit4.JUnit4Provider.invoke(JUnit4Provider.java:112)
	at sun.reflect.NativeMethodAccessorImpl.invoke0(Native Method)
	at sun.reflect.NativeMethodAccessorImpl.invoke(NativeMethodAccessorImpl.java:62)
	at sun.reflect.DelegatingMethodAccessorImpl.invoke(DelegatingMethodAccessorImpl.java:43)
	at java.lang.reflect.Method.invoke(Method.java:483)
	at org.apache.maven.surefire.util.ReflectionUtils.invokeMethodWithArray(ReflectionUtils.java:189)
	at org.apache.maven.surefire.booter.ProviderFactory$ProviderProxy.invoke(ProviderFactory.java:165)
	at org.apache.maven.surefire.booter.ProviderFactory.invokeProvider(ProviderFactory.java:85)
	at org.apache.maven.surefire.booter.ForkedBooter.runSuitesInProcess(ForkedBooter.java:115)
	at org.apache.maven.surefire.booter.ForkedBooter.main(ForkedBooter.java:75)
</error>
    <system-out>Hibernate: insert into user_roles (ROLE) values (?)
Hibernate: insert into user (CREATED_TIME, MODIFIED_TIME, EMAIL, FIRST_NAME, LAST_NAME, PASSWORD, USER_ROLE_ID, USERNAME) values (?, ?, ?, ?, ?, ?, ?, ?)
Hibernate: insert into article (CREATED_TIME, MODIFIED_TIME, CREATED_BY_USER_ID, description, MODIFIED_BY_USER_ID, PRODUCT_ID, tag, title) values (?, ?, ?, ?, ?, ?, ?, ?)
Hibernate: select article0_.ARTICLE_ID as ARTICLE1_3_, article0_.CREATED_TIME as CREATED2_3_, article0_.MODIFIED_TIME as MODIFIED3_3_, article0_.CREATED_BY_USER_ID as CREATED8_3_, article0_.description as descript4_3_, article0_.MODIFIED_BY_USER_ID as MODIFIED5_3_, article0_.PRODUCT_ID as PRODUCT9_3_, article0_.tag as tag3_, article0_.title as title3_ from article article0_ where article0_.ARTICLE_ID=?
Hibernate: select article0_.ARTICLE_ID as ARTICLE1_3_, article0_.CREATED_TIME as CREATED2_3_, article0_.MODIFIED_TIME as MODIFIED3_3_, article0_.CREATED_BY_USER_ID as CREATED8_3_, article0_.description as descript4_3_, article0_.MODIFIED_BY_USER_ID as MODIFIED5_3_, article0_.PRODUCT_ID as PRODUCT9_3_, article0_.tag as tag3_, article0_.title as title3_ from article article0_ where article0_.ARTICLE_ID=?
</system-out>
    <system-err>Oct 28, 2014 9:36:36 PM org.springframework.test.jdbc.SimpleJdbcTestUtils executeSqlScript
INFO: Executing SQL script from file [C:\Users\Boris\Documents\workspace-sts_x86\wikiABS\src\main\resources\sql\cleanup.sql]
Oct 28, 2014 9:36:36 PM org.springframework.test.jdbc.SimpleJdbcTestUtils executeSqlScript
INFO: Done executing SQL scriptBuilder from file [C:\Users\Boris\Documents\workspace-sts_x86\wikiABS\src\main\resources\sql\cleanup.sql] in 27 ms.
</system-err>
  </testcase>
  <testcase classname="com.americanbanksystems.wiki.dao.ArticleDaoTestCase" name="testUpdate" time="0.06"/>
</testsuite>